e:\downloads\assignment1-2019(1)\assignment1-2019\template\raacomputergraphicsassignment1\debug\vc142.pdb
e:\downloads\assignment1-2019(1)\assignment1-2019\template\raacomputergraphicsassignment1\debug\vc142.idb
e:\downloads\assignment1-2019(1)\assignment1-2019\template\raacomputergraphicsassignment1\debug\raaparse.obj
e:\downloads\assignment1-2019(1)\assignment1-2019\template\raacomputergraphicsassignment1\debug\raacontrol.obj
e:\downloads\assignment1-2019(1)\assignment1-2019\template\raacomputergraphicsassignment1\debug\raaconstants.obj
e:\downloads\assignment1-2019(1)\assignment1-2019\template\raacomputergraphicsassignment1\debug\raacomputergraphicsassignment1.obj
e:\downloads\assignment1-2019(1)\assignment1-2019\template\raacomputergraphicsassignment1\debug\cg-2017assignmentd.exe
e:\downloads\assignment1-2019(1)\assignment1-2019\template\raacomputergraphicsassignment1\debug\cg-2017assignmentd.ilk
e:\downloads\assignment1-2019(1)\assignment1-2019\template\raacomputergraphicsassignment1\debug\cg-2017assignmentd.pdb
e:\downloads\assignment1-2019(1)\assignment1-2019\template\raacomputergraphicsassignment1\debug\raadisplaylists.obj
e:\downloads\assignment1-2019(1)\assignment1-2019\template\raacomputergraphicsassignment1\debug\raalayouts.obj
e:\downloads\assignment1-2019(1)\assignment1-2019\template\raacomputergraphicsassignment1\debug\raamenus.obj
e:\downloads\assignment1-2019(1)\assignment1-2019\template\raacomputergraphicsassignment1\debug\raaselection.obj
e:\downloads\assignment1-2019(1)\assignment1-2019\template\raacomputergraphicsassignment1\debug\raasimulation.obj
e:\downloads\assignment1-2019(1)\assignment1-2019\template\raacomputergraphicsassignment1\debug\raatraces.obj
e:\downloads\assignment1-2019(1)\assignment1-2019\template\raacomputergraphicsassignment1\debug\vc140.idb
e:\downloads\assignment1-2019(1)\assignment1-2019\template\raacomputergraphicsassignment1\debug\vc141.idb
e:\downloads\assignment1-2019(1)\assignment1-2019\template\raacomputergraphicsassignment1\debug\vc140.pdb
e:\downloads\assignment1-2019(1)\assignment1-2019\template\raacomputergraphicsassignment1\debug\vc141.pdb
e:\downloads\assignment1-2019(1)\assignment1-2019\template\raacomputergraphicsassignment1\debug\chcomput.79685ec8.tlog\cl.command.1.tlog
e:\downloads\assignment1-2019(1)\assignment1-2019\template\raacomputergraphicsassignment1\debug\chcomput.79685ec8.tlog\cl.read.1.tlog
e:\downloads\assignment1-2019(1)\assignment1-2019\template\raacomputergraphicsassignment1\debug\chcomput.79685ec8.tlog\cl.write.1.tlog
e:\downloads\assignment1-2019(1)\assignment1-2019\template\raacomputergraphicsassignment1\debug\chcomput.79685ec8.tlog\link.command.1.tlog
e:\downloads\assignment1-2019(1)\assignment1-2019\template\raacomputergraphicsassignment1\debug\chcomput.79685ec8.tlog\link.read.1.tlog
e:\downloads\assignment1-2019(1)\assignment1-2019\template\raacomputergraphicsassignment1\debug\chcomput.79685ec8.tlog\link.write.1.tlog
